<?xml version="1.0" encoding="UTF-8"?>
<testsuites>
  <testsuite id="0" name="/Users/david/projects/rhein-schwumm/frontend/src/app/app.component.spec.ts" errors="0" package="/Users/david/projects/rhein-schwumm/frontend/src/app/app.component.spec.ts" hostname="localhost" tests="3" failures="0" time="1.333" timestamp="2023-06-08T07:55:38">
    <properties>
    </properties>
    <testcase classname="AppComponent" name="should create the app" time="0">
    </testcase>
    <testcase classname="AppComponent" name="should have as title &apos;rhein-schwumm&apos;" time="0">
    </testcase>
    <testcase classname="AppComponent" name="should render title" time="0">
    </testcase>
    <system-out/>
    <system-err/>
  </testsuite>
</testsuites>