<?xml version="1.0" encoding="UTF-8"?>
<testsuites>
  <testsuite id="0" name="/Users/david/projects/rhein-schwumm/frontend/src/app/app.component.spec.ts" errors="0" package="/Users/david/projects/rhein-schwumm/frontend/src/app/app.component.spec.ts" hostname="localhost" tests="1" failures="0" time="0.795" timestamp="2023-06-16T13:46:33">
    <properties>
    </properties>
    <testcase classname="AppComponent" name="should create the app" time="0">
    </testcase>
    <system-out/>
    <system-err/>
  </testsuite>
</testsuites>